<?xml version="1.0" encoding="UTF-8"?>
<testng-results skipped="0" failed="0" ignored="0" total="2" passed="2">
  <reporter-output>
  </reporter-output>
  <suite name="Default suite" duration-ms="3223" started-at="2020-04-23T15:05:11Z" finished-at="2020-04-23T15:05:14Z">
    <groups>
    </groups>
    <test name="Default test" duration-ms="3223" started-at="2020-04-23T15:05:11Z" finished-at="2020-04-23T15:05:14Z">
      <class name="apirest.Testcase_Token">
        <test-method status="PASS" signature="tc_01()[pri:0, instance:apirest.Testcase_Token@c038203]" name="tc_01" duration-ms="2294" started-at="2020-04-23T15:05:11Z" finished-at="2020-04-23T15:05:13Z">
          <reporter-output>
          </reporter-output>
        </test-method> <!-- tc_01 -->
        <test-method status="PASS" signature="tc_02()[pri:0, instance:apirest.Testcase_Token@c038203]" name="tc_02" duration-ms="896" started-at="2020-04-23T15:05:13Z" finished-at="2020-04-23T15:05:14Z">
          <reporter-output>
          </reporter-output>
        </test-method> <!-- tc_02 -->
      </class> <!-- apirest.Testcase_Token -->
    </test> <!-- Default test -->
  </suite> <!-- Default suite -->
</testng-results>
